update-alternatives 2020-07-16 15:17:07: run with --install /etc/mysql/my.cnf my.cnf /etc/mysql/my.cnf.fallback 100
update-alternatives 2020-07-16 15:17:07: link group my.cnf updated to point to /etc/mysql/my.cnf.fallback
update-alternatives 2020-07-16 15:17:08: run with --quiet --install /usr/bin/pager pager /bin/less 77 --slave /usr/share/man/man1/pager.1.gz pager.1.gz /usr/share/man/man1/less.1.gz
update-alternatives 2020-07-16 15:17:08: link group pager updated to point to /bin/less
update-alternatives 2020-07-16 15:17:08: run with --quiet --remove pager /usr/bin/less
update-alternatives 2020-07-16 15:17:08: run with --quiet --install /usr/bin/pager pager /bin/less 77 --slave /usr/share/man/man1/pager.1.gz pager.1.gz /usr/share/man/man1/less.1.gz
update-alternatives 2020-07-16 15:17:08: run with --quiet --remove pager /usr/bin/less
update-alternatives 2020-07-16 15:17:10: run with --install /etc/mysql/my.cnf my.cnf /etc/mysql/mariadb.cnf 200
update-alternatives 2020-07-16 15:17:10: link group my.cnf updated to point to /etc/mysql/mariadb.cnf
update-alternatives 2020-07-16 15:17:10: run with --install /usr/bin/lzma lzma /usr/bin/xz 20 --slave /usr/share/man/man1/lzma.1.gz lzma.1.gz /usr/share/man/man1/xz.1.gz --slave /usr/bin/unlzma unlzma /usr/bin/unxz --slave /usr/share/man/man1/unlzma.1.gz unlzma.1.gz /usr/share/man/man1/unxz.1.gz --slave /usr/bin/lzcat lzcat /usr/bin/xzcat --slave /usr/share/man/man1/lzcat.1.gz lzcat.1.gz /usr/share/man/man1/xzcat.1.gz --slave /usr/bin/lzmore lzmore /usr/bin/xzmore --slave /usr/share/man/man1/lzmore.1.gz lzmore.1.gz /usr/share/man/man1/xzmore.1.gz --slave /usr/bin/lzless lzless /usr/bin/xzless --slave /usr/share/man/man1/lzless.1.gz lzless.1.gz /usr/share/man/man1/xzless.1.gz --slave /usr/bin/lzdiff lzdiff /usr/bin/xzdiff --slave /usr/share/man/man1/lzdiff.1.gz lzdiff.1.gz /usr/share/man/man1/xzdiff.1.gz --slave /usr/bin/lzcmp lzcmp /usr/bin/xzcmp --slave /usr/share/man/man1/lzcmp.1.gz lzcmp.1.gz /usr/share/man/man1/xzcmp.1.gz --slave /usr/bin/lzgrep lzgrep /usr/bin/xzgrep --slave /usr/share/man/man1/lzgrep.1.gz lzgrep.1.gz /usr/share/man/man1/xzgrep.1.gz --slave /usr/bin/lzegrep lzegrep /usr/bin/xzegrep --slave /usr/share/man/man1/lzegrep.1.gz lzegrep.1.gz /usr/share/man/man1/xzegrep.1.gz --slave /usr/bin/lzfgrep lzfgrep /usr/bin/xzfgrep --slave /usr/share/man/man1/lzfgrep.1.gz lzfgrep.1.gz /usr/share/man/man1/xzfgrep.1.gz
update-alternatives 2020-07-16 15:17:10: link group lzma updated to point to /usr/bin/xz
update-alternatives 2020-07-16 15:17:11: run with --install /usr/bin/editor editor /bin/nano 40 --slave /usr/share/man/man1/editor.1.gz editor.1.gz /usr/share/man/man1/nano.1.gz
update-alternatives 2020-07-16 15:17:11: link group editor updated to point to /bin/nano
update-alternatives 2020-07-16 15:17:11: run with --install /usr/bin/pico pico /bin/nano 10 --slave /usr/share/man/man1/pico.1.gz pico.1.gz /usr/share/man/man1/nano.1.gz
update-alternatives 2020-07-16 15:17:11: link group pico updated to point to /bin/nano
update-alternatives 2020-07-16 15:17:12: run with --install /usr/bin/w w /usr/bin/w.procps 50 --slave /usr/share/man/man1/w.1.gz w.1.gz /usr/share/man/man1/w.procps.1.gz
update-alternatives 2020-07-16 15:17:12: link group w updated to point to /usr/bin/w.procps
update-alternatives 2020-07-16 15:17:20: run with --install /bin/nc nc /usr/bin/ncat 40 --slave /bin/netcat netcat /usr/bin/ncat --slave /usr/share/man/man1/nc.1.gz nc.1.gz /usr/share/man/man1/ncat.1.gz --slave /usr/share/man/man1/netcat.1.gz netcat.1.gz /usr/share/man/man1/ncat.1.gz
update-alternatives 2020-07-16 15:17:20: link group nc updated to point to /usr/bin/ncat
update-alternatives 2020-07-16 15:17:20: run with --quiet --install /lib/cpp cpp /usr/bin/cpp 10
update-alternatives 2020-07-16 15:17:20: link group cpp updated to point to /usr/bin/cpp
update-alternatives 2020-07-16 15:17:21: run with --install /usr/bin/sar sar /usr/bin/sar.sysstat 0 --slave /usr/share/man/man1/sar.1.gz sar.1.gz /usr/share/man/man1/sar.sysstat.1.gz
update-alternatives 2020-07-16 15:17:21: link group sar updated to point to /usr/bin/sar.sysstat
update-alternatives 2020-07-16 15:17:22: run with --quiet --install /usr/bin/rsh rsh /usr/bin/ssh 20 --slave /usr/share/man/man1/rsh.1.gz rsh.1.gz /usr/share/man/man1/ssh.1.gz
update-alternatives 2020-07-16 15:17:22: link group rsh updated to point to /usr/bin/ssh
update-alternatives 2020-07-16 15:17:23: run with --quiet --install /usr/bin/rlogin rlogin /usr/bin/slogin 20 --slave /usr/share/man/man1/rlogin.1.gz rlogin.1.gz /usr/share/man/man1/slogin.1.gz
update-alternatives 2020-07-16 15:17:23: link group rlogin updated to point to /usr/bin/slogin
update-alternatives 2020-07-16 15:17:23: run with --quiet --install /usr/bin/rcp rcp /usr/bin/scp 20 --slave /usr/share/man/man1/rcp.1.gz rcp.1.gz /usr/share/man/man1/scp.1.gz
update-alternatives 2020-07-16 15:17:23: link group rcp updated to point to /usr/bin/scp
update-alternatives 2020-07-16 15:17:23: run with --install /usr/bin/js js /usr/bin/nodejs 200 --slave /usr/share/man/man1/js.1.gz js.1.gz /usr/share/man/man1/nodejs.1.gz
update-alternatives 2020-07-16 15:17:23: link group js updated to point to /usr/bin/nodejs
update-alternatives 2020-07-16 15:17:23: run with --quiet --install /usr/bin/cc cc /usr/bin/gcc 20
update-alternatives 2020-07-16 15:17:23: link group cc updated to point to /usr/bin/gcc
update-alternatives 2020-07-16 15:17:23: run with --quiet --install /usr/bin/c89 c89 /usr/bin/c89-gcc 20 --slave /usr/share/man/man1/c89.1.gz c89.1.gz /usr/share/man/man1/c89-gcc.1.gz
update-alternatives 2020-07-16 15:17:23: link group c89 updated to point to /usr/bin/c89-gcc
update-alternatives 2020-07-16 15:17:23: run with --quiet --install /usr/bin/c99 c99 /usr/bin/c99-gcc 20 --slave /usr/share/man/man1/c99.1.gz c99.1.gz /usr/share/man/man1/c99-gcc.1.gz
update-alternatives 2020-07-16 15:17:23: link group c99 updated to point to /usr/bin/c99-gcc
update-alternatives 2020-07-16 15:17:24: run with --install /usr/share/man/man1/psql.1.gz psql.1.gz /usr/share/postgresql/11/man/man1/psql.1.gz 110 --slave /usr/share/man/man1/clusterdb.1.gz clusterdb.1.gz /usr/share/postgresql/11/man/man1/clusterdb.1.gz --slave /usr/share/man/man1/createdb.1.gz createdb.1.gz /usr/share/postgresql/11/man/man1/createdb.1.gz --slave /usr/share/man/man1/createuser.1.gz createuser.1.gz /usr/share/postgresql/11/man/man1/createuser.1.gz --slave /usr/share/man/man1/dropdb.1.gz dropdb.1.gz /usr/share/postgresql/11/man/man1/dropdb.1.gz --slave /usr/share/man/man1/dropuser.1.gz dropuser.1.gz /usr/share/postgresql/11/man/man1/dropuser.1.gz --slave /usr/share/man/man1/pg_basebackup.1.gz pg_basebackup.1.gz /usr/share/postgresql/11/man/man1/pg_basebackup.1.gz --slave /usr/share/man/man1/pg_dump.1.gz pg_dump.1.gz /usr/share/postgresql/11/man/man1/pg_dump.1.gz --slave /usr/share/man/man1/pg_dumpall.1.gz pg_dumpall.1.gz /usr/share/postgresql/11/man/man1/pg_dumpall.1.gz --slave /usr/share/man/man1/pg_isready.1.gz pg_isready.1.gz /usr/share/postgresql/11/man/man1/pg_isready.1.gz --slave /usr/share/man/man1/pg_receivewal.1.gz pg_receivewal.1.gz /usr/share/postgresql/11/man/man1/pg_receivewal.1.gz --slave /usr/share/man/man1/pg_recvlogical.1.gz pg_recvlogical.1.gz /usr/share/postgresql/11/man/man1/pg_recvlogical.1.gz --slave /usr/share/man/man1/pg_restore.1.gz pg_restore.1.gz /usr/share/postgresql/11/man/man1/pg_restore.1.gz --slave /usr/share/man/man1/reindexdb.1.gz reindexdb.1.gz /usr/share/postgresql/11/man/man1/reindexdb.1.gz --slave /usr/share/man/man1/vacuumdb.1.gz vacuumdb.1.gz /usr/share/postgresql/11/man/man1/vacuumdb.1.gz --slave /usr/share/man/man7/ABORT.7.gz ABORT.7.gz /usr/share/postgresql/11/man/man7/ABORT.7.gz --slave /usr/share/man/man7/ALTER_AGGREGATE.7.gz ALTER_AGGREGATE.7.gz /usr/share/postgresql/11/man/man7/ALTER_AGGREGATE.7.gz --slave /usr/share/man/man7/ALTER_COLLATION.7.gz ALTER_COLLATION.7.gz /usr/share/postgresql/11/man/man7/ALTER_COLLATION.7.gz --slave /usr/share/man/man7/ALTER_CONVERSION.7.gz ALTER_CONVERSION.7.gz
update-alternatives 2020-07-16 15:17:24: link group psql.1.gz updated to point to /usr/share/postgresql/11/man/man1/psql.1.gz
update-alternatives 2020-07-16 15:17:29: run with --install /usr/share/man/man1/postmaster.1.gz postmaster.1.gz /usr/share/postgresql/11/man/man1/postmaster.1.gz 110 --slave /usr/share/man/man1/initdb.1.gz initdb.1.gz /usr/share/postgresql/11/man/man1/initdb.1.gz --slave /usr/share/man/man1/oid2name.1.gz oid2name.1.gz /usr/share/postgresql/11/man/man1/oid2name.1.gz --slave /usr/share/man/man1/pg_archivecleanup.1.gz pg_archivecleanup.1.gz /usr/share/postgresql/11/man/man1/pg_archivecleanup.1.gz --slave /usr/share/man/man1/pg_controldata.1.gz pg_controldata.1.gz /usr/share/postgresql/11/man/man1/pg_controldata.1.gz --slave /usr/share/man/man1/pg_ctl.1.gz pg_ctl.1.gz /usr/share/postgresql/11/man/man1/pg_ctl.1.gz --slave /usr/share/man/man1/pg_resetwal.1.gz pg_resetwal.1.gz /usr/share/postgresql/11/man/man1/pg_resetwal.1.gz --slave /usr/share/man/man1/pg_rewind.1.gz pg_rewind.1.gz /usr/share/postgresql/11/man/man1/pg_rewind.1.gz --slave /usr/share/man/man1/pg_standby.1.gz pg_standby.1.gz /usr/share/postgresql/11/man/man1/pg_standby.1.gz --slave /usr/share/man/man1/pg_test_fsync.1.gz pg_test_fsync.1.gz /usr/share/postgresql/11/man/man1/pg_test_fsync.1.gz --slave /usr/share/man/man1/pg_test_timing.1.gz pg_test_timing.1.gz /usr/share/postgresql/11/man/man1/pg_test_timing.1.gz --slave /usr/share/man/man1/pg_upgrade.1.gz pg_upgrade.1.gz /usr/share/postgresql/11/man/man1/pg_upgrade.1.gz --slave /usr/share/man/man1/pg_verify_checksums.1.gz pg_verify_checksums.1.gz /usr/share/postgresql/11/man/man1/pg_verify_checksums.1.gz --slave /usr/share/man/man1/pg_waldump.1.gz pg_waldump.1.gz /usr/share/postgresql/11/man/man1/pg_waldump.1.gz --slave /usr/share/man/man1/pgbench.1.gz pgbench.1.gz /usr/share/postgresql/11/man/man1/pgbench.1.gz --slave /usr/share/man/man1/postgres.1.gz postgres.1.gz /usr/share/postgresql/11/man/man1/postgres.1.gz --slave /usr/share/man/man1/vacuumlo.1.gz vacuumlo.1.gz /usr/share/postgresql/11/man/man1/vacuumlo.1.gz
update-alternatives 2020-07-16 15:17:29: link group postmaster.1.gz updated to point to /usr/share/postgresql/11/man/man1/postmaster.1.gz
update-alternatives 2020-07-16 15:17:32: run with --install /usr/bin/frm frm /usr/bin/frm.mailutils 20 --slave /usr/share/man/man1/frm.1.gz frm.1.gz /usr/share/man/man1/frm.mailutils.1.gz
update-alternatives 2020-07-16 15:17:32: link group frm updated to point to /usr/bin/frm.mailutils
update-alternatives 2020-07-16 15:17:32: run with --install /usr/bin/from from /usr/bin/from.mailutils 20 --slave /usr/share/man/man1/from.1.gz from.1.gz /usr/share/man/man1/from.mailutils.1.gz
update-alternatives 2020-07-16 15:17:32: link group from updated to point to /usr/bin/from.mailutils
update-alternatives 2020-07-16 15:17:32: run with --install /usr/bin/messages messages /usr/bin/messages.mailutils 20 --slave /usr/share/man/man1/messages.1.gz messages.1.gz /usr/share/man/man1/messages.mailutils.1.gz
update-alternatives 2020-07-16 15:17:32: link group messages updated to point to /usr/bin/messages.mailutils
update-alternatives 2020-07-16 15:17:32: run with --install /usr/bin/movemail movemail /usr/bin/movemail.mailutils 20 --slave /usr/share/man/man1/movemail.1.gz movemail.1.gz /usr/share/man/man1/movemail.mailutils.1.gz
update-alternatives 2020-07-16 15:17:32: link group movemail updated to point to /usr/bin/movemail.mailutils
update-alternatives 2020-07-16 15:17:32: run with --install /usr/bin/readmsg readmsg /usr/bin/readmsg.mailutils 20 --slave /usr/share/man/man1/readmsg.1.gz readmsg.1.gz /usr/share/man/man1/readmsg.mailutils.1.gz
update-alternatives 2020-07-16 15:17:32: link group readmsg updated to point to /usr/bin/readmsg.mailutils
update-alternatives 2020-07-16 15:17:32: run with --install /usr/bin/dotlock dotlock /usr/bin/dotlock.mailutils 4 --slave /usr/share/man/man1/dotlock.1.gz dotlock.1.gz /usr/share/man/man1/dotlock.mailutils.1.gz
update-alternatives 2020-07-16 15:17:32: link group dotlock updated to point to /usr/bin/dotlock.mailutils
update-alternatives 2020-07-16 15:17:32: run with --install /usr/bin/mailx mailx /usr/bin/mail.mailutils 30 --slave /usr/share/man/man1/mailx.1.gz mailx.1.gz /usr/share/man/man1/mail.mailutils.1.gz --slave /usr/bin/mail mail /usr/bin/mail.mailutils --slave /usr/share/man/man1/mail.1.gz mail.1.gz /usr/share/man/man1/mail.mailutils.1.gz
update-alternatives 2020-07-16 15:17:32: link group mailx updated to point to /usr/bin/mail.mailutils
update-alternatives 2020-07-16 15:17:33: run with --install /usr/bin/c++ c++ /usr/bin/g++ 20
update-alternatives 2020-07-16 15:17:33: link group c++ updated to point to /usr/bin/g++
update-alternatives 2020-07-16 15:17:35: run with --install /usr/share/icons/default/index.theme x-cursor-theme /usr/share/icons/Adwaita/cursor.theme 90
update-alternatives 2020-07-16 15:17:35: link group x-cursor-theme updated to point to /usr/share/icons/Adwaita/cursor.theme
update-alternatives 2020-07-16 15:29:59: run with --remove c++ /usr/bin/g++
update-alternatives 2020-07-16 15:29:59: link group c++ fully removed
update-alternatives 2020-07-16 15:30:00: run with --remove dotlock /usr/bin/dotlock.mailutils
update-alternatives 2020-07-16 15:30:00: link group dotlock fully removed
update-alternatives 2020-07-16 15:30:00: run with --remove frm /usr/bin/frm.mailutils
update-alternatives 2020-07-16 15:30:00: link group frm fully removed
update-alternatives 2020-07-16 15:30:00: run with --remove from /usr/bin/from.mailutils
update-alternatives 2020-07-16 15:30:00: link group from fully removed
update-alternatives 2020-07-16 15:30:00: run with --remove messages /usr/bin/messages.mailutils
update-alternatives 2020-07-16 15:30:00: link group messages fully removed
update-alternatives 2020-07-16 15:30:00: run with --remove movemail /usr/bin/movemail.mailutils
update-alternatives 2020-07-16 15:30:00: link group movemail fully removed
update-alternatives 2020-07-16 15:30:00: run with --remove readmsg /usr/bin/readmsg.mailutils
update-alternatives 2020-07-16 15:30:00: link group readmsg fully removed
update-alternatives 2020-07-16 15:30:00: run with --remove mailx /usr/bin/mail.mailutils
update-alternatives 2020-07-16 15:30:00: link group mailx fully removed
update-alternatives 2020-07-16 15:30:02: run with --remove x-cursor-theme /usr/share/icons/Adwaita/cursor.theme
update-alternatives 2020-07-16 15:30:02: link group x-cursor-theme fully removed
update-alternatives 2020-07-16 15:30:03: run with --quiet --remove cc /usr/bin/gcc
update-alternatives 2020-07-16 15:30:03: link group cc fully removed
update-alternatives 2020-07-16 15:30:03: run with --quiet --remove c89 /usr/bin/c89-gcc
update-alternatives 2020-07-16 15:30:03: link group c89 fully removed
update-alternatives 2020-07-16 15:30:03: run with --quiet --remove c99 /usr/bin/c99-gcc
update-alternatives 2020-07-16 15:30:03: link group c99 fully removed
update-alternatives 2020-07-16 15:30:03: run with --quiet --remove cpp /usr/bin/cpp
update-alternatives 2020-07-16 15:30:03: link group cpp fully removed
update-alternatives 2020-07-16 15:30:05: run with --quiet --remove pager /bin/less
update-alternatives 2020-07-16 15:30:05: link group pager updated to point to /bin/more
update-alternatives 2020-07-16 15:30:13: run with --remove my.cnf /etc/mysql/mariadb.cnf
update-alternatives 2020-07-16 15:30:13: link group my.cnf updated to point to /etc/mysql/my.cnf.fallback
update-alternatives 2020-07-16 15:30:13: run with --remove my.cnf /etc/mysql/my.cnf.fallback
update-alternatives 2020-07-16 15:30:13: link group my.cnf fully removed
update-alternatives 2020-07-16 15:30:21: run with --quiet --remove rsh /usr/bin/ssh
update-alternatives 2020-07-16 15:30:21: link group rsh fully removed
update-alternatives 2020-07-16 15:30:21: run with --quiet --remove rlogin /usr/bin/slogin
update-alternatives 2020-07-16 15:30:21: link group rlogin fully removed
update-alternatives 2020-07-16 15:30:21: run with --quiet --remove rcp /usr/bin/scp
update-alternatives 2020-07-16 15:30:21: link group rcp fully removed
update-alternatives 2020-07-16 15:30:27: run with --remove js /usr/bin/nodejs
update-alternatives 2020-07-16 15:30:27: link group js fully removed
